2025-11-20 07:32:14.667 +02:00 [WRN] No store type was specified for the decimal property 'Amount' on entity type 'FeeAuditLog'. This will cause values to be silently truncated if they do not fit in the default precision and scale. Explicitly specify the SQL server column type that can accommodate all the values in 'OnModelCreating' using 'HasColumnType', specify precision and scale using 'HasPrecision', or configure a value converter using 'HasConversion'.
2025-11-20 07:32:14.701 +02:00 [WRN] No store type was specified for the decimal property 'BaseFee' on entity type 'FeeAuditLog'. This will cause values to be silently truncated if they do not fit in the default precision and scale. Explicitly specify the SQL server column type that can accommodate all the values in 'OnModelCreating' using 'HasColumnType', specify precision and scale using 'HasPrecision', or configure a value converter using 'HasConversion'.
2025-11-20 07:32:14.705 +02:00 [WRN] No store type was specified for the decimal property 'FinalFee' on entity type 'FeeAuditLog'. This will cause values to be silently truncated if they do not fit in the default precision and scale. Explicitly specify the SQL server column type that can accommodate all the values in 'OnModelCreating' using 'HasColumnType', specify precision and scale using 'HasPrecision', or configure a value converter using 'HasConversion'.
2025-11-20 07:32:14.707 +02:00 [WRN] No store type was specified for the decimal property 'TotalDiscount' on entity type 'FeeAuditLog'. This will cause values to be silently truncated if they do not fit in the default precision and scale. Explicitly specify the SQL server column type that can accommodate all the values in 'OnModelCreating' using 'HasColumnType', specify precision and scale using 'HasPrecision', or configure a value converter using 'HasConversion'.
2025-11-20 07:32:14.713 +02:00 [WRN] No store type was specified for the decimal property 'DiscountPercentage' on entity type 'PromoCode'. This will cause values to be silently truncated if they do not fit in the default precision and scale. Explicitly specify the SQL server column type that can accommodate all the values in 'OnModelCreating' using 'HasColumnType', specify precision and scale using 'HasPrecision', or configure a value converter using 'HasConversion'.
2025-11-20 07:32:14.715 +02:00 [WRN] No store type was specified for the decimal property 'DiscountPercentage' on entity type 'Tier'. This will cause values to be silently truncated if they do not fit in the default precision and scale. Explicitly specify the SQL server column type that can accommodate all the values in 'OnModelCreating' using 'HasColumnType', specify precision and scale using 'HasPrecision', or configure a value converter using 'HasConversion'.
2025-11-20 07:32:14.717 +02:00 [WRN] No store type was specified for the decimal property 'Amount' on entity type 'Transaction'. This will cause values to be silently truncated if they do not fit in the default precision and scale. Explicitly specify the SQL server column type that can accommodate all the values in 'OnModelCreating' using 'HasColumnType', specify precision and scale using 'HasPrecision', or configure a value converter using 'HasConversion'.
2025-11-20 07:32:14.719 +02:00 [WRN] No store type was specified for the decimal property 'Amount' on entity type 'UserTransactionHistory'. This will cause values to be silently truncated if they do not fit in the default precision and scale. Explicitly specify the SQL server column type that can accommodate all the values in 'OnModelCreating' using 'HasColumnType', specify precision and scale using 'HasPrecision', or configure a value converter using 'HasConversion'.
2025-11-20 07:32:14.722 +02:00 [WRN] No store type was specified for the decimal property 'FeeCharged' on entity type 'UserTransactionHistory'. This will cause values to be silently truncated if they do not fit in the default precision and scale. Explicitly specify the SQL server column type that can accommodate all the values in 'OnModelCreating' using 'HasColumnType', specify precision and scale using 'HasPrecision', or configure a value converter using 'HasConversion'.
2025-11-20 07:32:15.300 +02:00 [INF] Executed DbCommand (72ms) [Parameters=[], CommandType='"Text"', CommandTimeout='30']
SELECT CASE
    WHEN EXISTS (
        SELECT 1
        FROM [BusinessHolidays] AS [b]) THEN CAST(1 AS bit)
    ELSE CAST(0 AS bit)
END
2025-11-20 07:32:15.332 +02:00 [INF] Executed DbCommand (8ms) [Parameters=[], CommandType='"Text"', CommandTimeout='30']
SELECT CASE
    WHEN EXISTS (
        SELECT 1
        FROM [PaymentMethods] AS [p]) THEN CAST(1 AS bit)
    ELSE CAST(0 AS bit)
END
2025-11-20 07:32:15.344 +02:00 [INF] Executed DbCommand (4ms) [Parameters=[], CommandType='"Text"', CommandTimeout='30']
SELECT CASE
    WHEN EXISTS (
        SELECT 1
        FROM [PromoCodes] AS [p]) THEN CAST(1 AS bit)
    ELSE CAST(0 AS bit)
END
2025-11-20 07:32:15.358 +02:00 [INF] Executed DbCommand (6ms) [Parameters=[], CommandType='"Text"', CommandTimeout='30']
SELECT CASE
    WHEN EXISTS (
        SELECT 1
        FROM [Tiers] AS [t]) THEN CAST(1 AS bit)
    ELSE CAST(0 AS bit)
END
2025-11-20 07:32:15.370 +02:00 [INF] Executed DbCommand (5ms) [Parameters=[], CommandType='"Text"', CommandTimeout='30']
SELECT CASE
    WHEN EXISTS (
        SELECT 1
        FROM [TransactionTypes] AS [t]) THEN CAST(1 AS bit)
    ELSE CAST(0 AS bit)
END
2025-11-20 07:32:15.380 +02:00 [INF] Executed DbCommand (3ms) [Parameters=[], CommandType='"Text"', CommandTimeout='30']
SELECT CASE
    WHEN EXISTS (
        SELECT 1
        FROM [Users] AS [u]) THEN CAST(1 AS bit)
    ELSE CAST(0 AS bit)
END
2025-11-20 07:32:15.456 +02:00 [INF] Executed DbCommand (68ms) [Parameters=[], CommandType='"Text"', CommandTimeout='30']
SELECT CASE
    WHEN EXISTS (
        SELECT 1
        FROM [Transactions] AS [t]) THEN CAST(1 AS bit)
    ELSE CAST(0 AS bit)
END
2025-11-20 07:32:15.477 +02:00 [INF] Executed DbCommand (10ms) [Parameters=[], CommandType='"Text"', CommandTimeout='30']
SELECT CASE
    WHEN EXISTS (
        SELECT 1
        FROM [FeeModifiers] AS [f]) THEN CAST(1 AS bit)
    ELSE CAST(0 AS bit)
END
2025-11-20 07:32:16.115 +02:00 [INF] Now listening on: https://localhost:7261
2025-11-20 07:32:16.117 +02:00 [INF] Now listening on: http://localhost:5186
2025-11-20 07:32:16.198 +02:00 [INF] Application started. Press Ctrl+C to shut down.
2025-11-20 07:32:16.201 +02:00 [INF] Hosting environment: Development
2025-11-20 07:32:16.203 +02:00 [INF] Content root path: C:\Users\User\source\repos\FeeCalculationEngine\FeeCalculationEngine.API
2025-11-20 07:32:17.705 +02:00 [INF] Request starting HTTP/2 GET https://localhost:7261/swagger/index.html - null null
2025-11-20 07:32:18.060 +02:00 [INF] Request finished HTTP/2 GET https://localhost:7261/swagger/index.html - 200 null text/html;charset=utf-8 371.726ms
2025-11-20 07:32:18.092 +02:00 [INF] Request starting HTTP/2 GET https://localhost:7261/_framework/aspnetcore-browser-refresh.js - null null
2025-11-20 07:32:18.092 +02:00 [INF] Request starting HTTP/2 GET https://localhost:7261/_vs/browserLink - null null
2025-11-20 07:32:18.106 +02:00 [INF] Request finished HTTP/2 GET https://localhost:7261/_framework/aspnetcore-browser-refresh.js - 200 16533 application/javascript; charset=utf-8 14.2333ms
2025-11-20 07:32:18.178 +02:00 [INF] Request finished HTTP/2 GET https://localhost:7261/_vs/browserLink - 200 null text/javascript; charset=UTF-8 86.9835ms
2025-11-20 07:32:18.205 +02:00 [INF] Request starting HTTP/2 GET https://localhost:7261/swagger/v1/swagger.json - null null
2025-11-20 07:32:18.232 +02:00 [INF] Request finished HTTP/2 GET https://localhost:7261/swagger/v1/swagger.json - 200 null application/json;charset=utf-8 27.2271ms
2025-11-20 08:15:03.563 +02:00 [WRN] No store type was specified for the decimal property 'Amount' on entity type 'FeeAuditLog'. This will cause values to be silently truncated if they do not fit in the default precision and scale. Explicitly specify the SQL server column type that can accommodate all the values in 'OnModelCreating' using 'HasColumnType', specify precision and scale using 'HasPrecision', or configure a value converter using 'HasConversion'.
2025-11-20 08:15:03.598 +02:00 [WRN] No store type was specified for the decimal property 'BaseFee' on entity type 'FeeAuditLog'. This will cause values to be silently truncated if they do not fit in the default precision and scale. Explicitly specify the SQL server column type that can accommodate all the values in 'OnModelCreating' using 'HasColumnType', specify precision and scale using 'HasPrecision', or configure a value converter using 'HasConversion'.
2025-11-20 08:15:03.600 +02:00 [WRN] No store type was specified for the decimal property 'FinalFee' on entity type 'FeeAuditLog'. This will cause values to be silently truncated if they do not fit in the default precision and scale. Explicitly specify the SQL server column type that can accommodate all the values in 'OnModelCreating' using 'HasColumnType', specify precision and scale using 'HasPrecision', or configure a value converter using 'HasConversion'.
2025-11-20 08:15:03.603 +02:00 [WRN] No store type was specified for the decimal property 'TotalDiscount' on entity type 'FeeAuditLog'. This will cause values to be silently truncated if they do not fit in the default precision and scale. Explicitly specify the SQL server column type that can accommodate all the values in 'OnModelCreating' using 'HasColumnType', specify precision and scale using 'HasPrecision', or configure a value converter using 'HasConversion'.
2025-11-20 08:15:03.604 +02:00 [WRN] No store type was specified for the decimal property 'DiscountPercentage' on entity type 'PromoCode'. This will cause values to be silently truncated if they do not fit in the default precision and scale. Explicitly specify the SQL server column type that can accommodate all the values in 'OnModelCreating' using 'HasColumnType', specify precision and scale using 'HasPrecision', or configure a value converter using 'HasConversion'.
2025-11-20 08:15:03.606 +02:00 [WRN] No store type was specified for the decimal property 'DiscountPercentage' on entity type 'Tier'. This will cause values to be silently truncated if they do not fit in the default precision and scale. Explicitly specify the SQL server column type that can accommodate all the values in 'OnModelCreating' using 'HasColumnType', specify precision and scale using 'HasPrecision', or configure a value converter using 'HasConversion'.
2025-11-20 08:15:03.608 +02:00 [WRN] No store type was specified for the decimal property 'Amount' on entity type 'Transaction'. This will cause values to be silently truncated if they do not fit in the default precision and scale. Explicitly specify the SQL server column type that can accommodate all the values in 'OnModelCreating' using 'HasColumnType', specify precision and scale using 'HasPrecision', or configure a value converter using 'HasConversion'.
2025-11-20 08:15:03.610 +02:00 [WRN] No store type was specified for the decimal property 'Amount' on entity type 'UserTransactionHistory'. This will cause values to be silently truncated if they do not fit in the default precision and scale. Explicitly specify the SQL server column type that can accommodate all the values in 'OnModelCreating' using 'HasColumnType', specify precision and scale using 'HasPrecision', or configure a value converter using 'HasConversion'.
2025-11-20 08:15:03.613 +02:00 [WRN] No store type was specified for the decimal property 'FeeCharged' on entity type 'UserTransactionHistory'. This will cause values to be silently truncated if they do not fit in the default precision and scale. Explicitly specify the SQL server column type that can accommodate all the values in 'OnModelCreating' using 'HasColumnType', specify precision and scale using 'HasPrecision', or configure a value converter using 'HasConversion'.
2025-11-20 08:15:04.114 +02:00 [INF] Executed DbCommand (54ms) [Parameters=[], CommandType='"Text"', CommandTimeout='30']
SELECT CASE
    WHEN EXISTS (
        SELECT 1
        FROM [BusinessHolidays] AS [b]) THEN CAST(1 AS bit)
    ELSE CAST(0 AS bit)
END
2025-11-20 08:15:04.140 +02:00 [INF] Executed DbCommand (6ms) [Parameters=[], CommandType='"Text"', CommandTimeout='30']
SELECT CASE
    WHEN EXISTS (
        SELECT 1
        FROM [PaymentMethods] AS [p]) THEN CAST(1 AS bit)
    ELSE CAST(0 AS bit)
END
2025-11-20 08:15:04.147 +02:00 [INF] Executed DbCommand (2ms) [Parameters=[], CommandType='"Text"', CommandTimeout='30']
SELECT CASE
    WHEN EXISTS (
        SELECT 1
        FROM [PromoCodes] AS [p]) THEN CAST(1 AS bit)
    ELSE CAST(0 AS bit)
END
2025-11-20 08:15:04.156 +02:00 [INF] Executed DbCommand (2ms) [Parameters=[], CommandType='"Text"', CommandTimeout='30']
SELECT CASE
    WHEN EXISTS (
        SELECT 1
        FROM [Tiers] AS [t]) THEN CAST(1 AS bit)
    ELSE CAST(0 AS bit)
END
2025-11-20 08:15:04.167 +02:00 [INF] Executed DbCommand (3ms) [Parameters=[], CommandType='"Text"', CommandTimeout='30']
SELECT CASE
    WHEN EXISTS (
        SELECT 1
        FROM [TransactionTypes] AS [t]) THEN CAST(1 AS bit)
    ELSE CAST(0 AS bit)
END
2025-11-20 08:15:04.177 +02:00 [INF] Executed DbCommand (3ms) [Parameters=[], CommandType='"Text"', CommandTimeout='30']
SELECT CASE
    WHEN EXISTS (
        SELECT 1
        FROM [Users] AS [u]) THEN CAST(1 AS bit)
    ELSE CAST(0 AS bit)
END
2025-11-20 08:15:04.219 +02:00 [INF] Executed DbCommand (35ms) [Parameters=[], CommandType='"Text"', CommandTimeout='30']
SELECT CASE
    WHEN EXISTS (
        SELECT 1
        FROM [Transactions] AS [t]) THEN CAST(1 AS bit)
    ELSE CAST(0 AS bit)
END
2025-11-20 08:15:04.234 +02:00 [INF] Executed DbCommand (8ms) [Parameters=[], CommandType='"Text"', CommandTimeout='30']
SELECT CASE
    WHEN EXISTS (
        SELECT 1
        FROM [FeeModifiers] AS [f]) THEN CAST(1 AS bit)
    ELSE CAST(0 AS bit)
END
2025-11-20 08:15:04.513 +02:00 [INF] Now listening on: https://localhost:7261
2025-11-20 08:15:04.515 +02:00 [INF] Now listening on: http://localhost:5186
2025-11-20 08:15:04.578 +02:00 [INF] Application started. Press Ctrl+C to shut down.
2025-11-20 08:15:04.580 +02:00 [INF] Hosting environment: Development
2025-11-20 08:15:04.582 +02:00 [INF] Content root path: C:\Users\User\source\repos\FeeCalculationEngine\FeeCalculationEngine.API
2025-11-20 08:15:05.893 +02:00 [INF] Request starting HTTP/2 GET https://localhost:7261/swagger/index.html - null null
2025-11-20 08:15:06.276 +02:00 [INF] Request finished HTTP/2 GET https://localhost:7261/swagger/index.html - 200 null text/html;charset=utf-8 398.6905ms
2025-11-20 08:15:06.326 +02:00 [INF] Request starting HTTP/2 GET https://localhost:7261/_framework/aspnetcore-browser-refresh.js - null null
2025-11-20 08:15:06.326 +02:00 [INF] Request starting HTTP/2 GET https://localhost:7261/_vs/browserLink - null null
2025-11-20 08:15:06.339 +02:00 [INF] Request finished HTTP/2 GET https://localhost:7261/_framework/aspnetcore-browser-refresh.js - 200 16533 application/javascript; charset=utf-8 14.5109ms
2025-11-20 08:15:06.417 +02:00 [INF] Request finished HTTP/2 GET https://localhost:7261/_vs/browserLink - 200 null text/javascript; charset=UTF-8 92.0931ms
2025-11-20 08:15:06.453 +02:00 [INF] Request starting HTTP/2 GET https://localhost:7261/swagger/v1/swagger.json - null null
2025-11-20 08:15:06.476 +02:00 [INF] Request finished HTTP/2 GET https://localhost:7261/swagger/v1/swagger.json - 200 null application/json;charset=utf-8 23.1024ms
